2025-12-13 15:56:03,893 - aqt.main - INFO - installer 21784 aqtinstall(aqt) v3.3.0 on Python 3.13.3 [CPython MSC v.1943 64 bit (AMD64)]
2025-12-13 15:56:19,122 - aqt.main - INFO - installer 7824 aqtinstall(aqt) v3.3.0 on Python 3.13.3 [CPython MSC v.1943 64 bit (AMD64)]
2025-12-13 15:56:19,123 - aqt.helper - DEBUG - helper 7824 Attempt to download checksum at https://download.qt.io/online/qtsdkrepository/windows_x86/desktop/qt6_6100/qt6_6100/Updates.xml.sha256
2025-12-13 15:56:21,797 - aqt.helper - DEBUG - helper 7824 Attempt to download checksum at https://download.qt.io/online/qtsdkrepository/windows_x86/extensions/qtwebengine/6100/msvc2022_64/Updates.xml.sha256
2025-12-13 15:56:24,189 - aqt.archives - INFO - archives 7824 Found extension qtwebengine
2025-12-13 15:56:24,189 - aqt.helper - DEBUG - helper 7824 Attempt to download checksum at https://download.qt.io/online/qtsdkrepository/windows_x86/extensions/qtpdf/6100/msvc2022_64/Updates.xml.sha256
2025-12-13 15:56:26,585 - aqt.archives - INFO - archives 7824 Found extension qtpdf
2025-12-13 15:56:26,607 - aqt.main - ERROR - installer 7824 The packages ['qtcore', 'qtgui', 'qtnetwork', 'qtqml', 'qtquick', 'qtquickcontrols2'] were not found while parsing XML of package information!
==============================Suggested follow-up:==============================
* Please use 'aqt list-qt windows desktop --modules 6.10.0 <arch>' to show modules available.
2025-12-13 15:56:36,016 - aqt.helper - DEBUG - helper 21648 Attempt to download checksum at https://download.qt.io/online/qtsdkrepository/windows_x86/desktop/qt6_6100/qt6_6100/Updates.xml.sha256
2025-12-13 15:56:38,804 - aqt.helper - DEBUG - helper 21648 Attempt to download checksum at https://download.qt.io/online/qtsdkrepository/windows_x86/extensions/qtpdf/6100/msvc2022_64/Updates.xml.sha256
2025-12-13 15:56:41,384 - aqt.helper - DEBUG - helper 21648 Attempt to download checksum at https://download.qt.io/online/qtsdkrepository/windows_x86/extensions/qtwebengine/6100/msvc2022_64/Updates.xml.sha256
2025-12-13 15:57:02,754 - aqt.main - INFO - installer 18084 aqtinstall(aqt) v3.3.0 on Python 3.13.3 [CPython MSC v.1943 64 bit (AMD64)]
2025-12-13 15:57:02,755 - aqt.helper - DEBUG - helper 18084 Attempt to download checksum at https://download.qt.io/online/qtsdkrepository/windows_x86/desktop/qt6_6100/qt6_6100/Updates.xml.sha256
2025-12-13 15:57:05,285 - aqt.helper - DEBUG - helper 18084 Attempt to download checksum at https://download.qt.io/online/qtsdkrepository/windows_x86/extensions/qtwebengine/6100/msvc2022_64/Updates.xml.sha256
2025-12-13 15:57:07,696 - aqt.archives - INFO - archives 18084 Found extension qtwebengine
2025-12-13 15:57:07,696 - aqt.helper - DEBUG - helper 18084 Attempt to download checksum at https://download.qt.io/online/qtsdkrepository/windows_x86/extensions/qtpdf/6100/msvc2022_64/Updates.xml.sha256
2025-12-13 15:57:10,057 - aqt.archives - INFO - archives 18084 Found extension qtpdf
2025-12-13 15:57:17,647 - aqt.helper - DEBUG - helper 9140 Attempt to download checksum at https://download.qt.io/online/qtsdkrepository/windows_x86/desktop/qt6_6100/qt6_6100/qt.qt6.6100.addons.qt5compat.win64_msvc2022_64/6.10.0-0-202510021201qt5compat-Windows-Windows_11_24H2-MSVC2022-Windows-Windows_11_24H2-X86_64.7z.sha256
2025-12-13 15:57:17,718 - aqt.helper - DEBUG - helper 7788 Attempt to download checksum at https://download.qt.io/online/qtsdkrepository/windows_x86/desktop/qt6_6100/qt6_6100/qt.qt6.6100.addons.qtshadertools.win64_msvc2022_64/6.10.0-0-202510021201qtshadertools-Windows-Windows_11_24H2-MSVC2022-Windows-Windows_11_24H2-X86_64.7z.sha256
2025-12-13 15:57:17,783 - aqt.helper - DEBUG - helper 3116 Attempt to download checksum at https://download.qt.io/online/qtsdkrepository/windows_x86/desktop/qt6_6100/qt6_6100/qt.qt6.6100.win64_msvc2022_64/6.10.0-0-202510021201qtbase-Windows-Windows_11_24H2-MSVC2022-Windows-Windows_11_24H2-X86_64.7z.sha256
2025-12-13 15:57:17,880 - aqt.helper - DEBUG - helper 2788 Attempt to download checksum at https://download.qt.io/online/qtsdkrepository/windows_x86/desktop/qt6_6100/qt6_6100/qt.qt6.6100.win64_msvc2022_64/6.10.0-0-202510021201qtsvg-Windows-Windows_11_24H2-MSVC2022-Windows-Windows_11_24H2-X86_64.7z.sha256
2025-12-13 15:57:18,854 - aqt.helper - INFO - helper 7788 Downloading qtshadertools...
2025-12-13 15:57:18,855 - aqt.installer - DEBUG - installer 7788 Download URL: https://download.qt.io/online/qtsdkrepository/windows_x86/desktop/qt6_6100/qt6_6100/qt.qt6.6100.addons.qtshadertools.win64_msvc2022_64/6.10.0-0-202510021201qtshadertools-Windows-Windows_11_24H2-MSVC2022-Windows-Windows_11_24H2-X86_64.7z
2025-12-13 15:57:18,915 - aqt.helper - INFO - helper 3116 Downloading qtbase...
2025-12-13 15:57:18,915 - aqt.installer - DEBUG - installer 3116 Download URL: https://download.qt.io/online/qtsdkrepository/windows_x86/desktop/qt6_6100/qt6_6100/qt.qt6.6100.win64_msvc2022_64/6.10.0-0-202510021201qtbase-Windows-Windows_11_24H2-MSVC2022-Windows-Windows_11_24H2-X86_64.7z
2025-12-13 15:57:18,964 - aqt.helper - INFO - helper 9140 Downloading qt5compat...
2025-12-13 15:57:18,964 - aqt.installer - DEBUG - installer 9140 Download URL: https://download.qt.io/online/qtsdkrepository/windows_x86/desktop/qt6_6100/qt6_6100/qt.qt6.6100.addons.qt5compat.win64_msvc2022_64/6.10.0-0-202510021201qt5compat-Windows-Windows_11_24H2-MSVC2022-Windows-Windows_11_24H2-X86_64.7z
2025-12-13 15:57:19,122 - aqt.helper - INFO - helper 2788 Downloading qtsvg...
2025-12-13 15:57:19,122 - aqt.installer - DEBUG - installer 2788 Download URL: https://download.qt.io/online/qtsdkrepository/windows_x86/desktop/qt6_6100/qt6_6100/qt.qt6.6100.win64_msvc2022_64/6.10.0-0-202510021201qtsvg-Windows-Windows_11_24H2-MSVC2022-Windows-Windows_11_24H2-X86_64.7z
2025-12-13 15:57:20,063 - aqt.helper - DEBUG - helper 3116 Asked to redirect(302) to: https://www.nic.funet.fi/pub/mirrors/download.qt-project.org/online/qtsdkrepository/windows_x86/desktop/qt6_6100/qt6_6100/qt.qt6.6100.win64_msvc2022_64/6.10.0-0-202510021201qtbase-Windows-Windows_11_24H2-MSVC2022-Windows-Windows_11_24H2-X86_64.7z
2025-12-13 15:57:20,063 - aqt.helper - INFO - helper 3116 Redirected: www.nic.funet.fi
2025-12-13 15:57:20,068 - aqt.helper - DEBUG - helper 7788 Asked to redirect(302) to: https://www.nic.funet.fi/pub/mirrors/download.qt-project.org/online/qtsdkrepository/windows_x86/desktop/qt6_6100/qt6_6100/qt.qt6.6100.addons.qtshadertools.win64_msvc2022_64/6.10.0-0-202510021201qtshadertools-Windows-Windows_11_24H2-MSVC2022-Windows-Windows_11_24H2-X86_64.7z
2025-12-13 15:57:20,068 - aqt.helper - INFO - helper 7788 Redirected: www.nic.funet.fi
2025-12-13 15:57:20,153 - aqt.helper - DEBUG - helper 9140 Asked to redirect(302) to: https://www.nic.funet.fi/pub/mirrors/download.qt-project.org/online/qtsdkrepository/windows_x86/desktop/qt6_6100/qt6_6100/qt.qt6.6100.addons.qt5compat.win64_msvc2022_64/6.10.0-0-202510021201qt5compat-Windows-Windows_11_24H2-MSVC2022-Windows-Windows_11_24H2-X86_64.7z
2025-12-13 15:57:20,153 - aqt.helper - INFO - helper 9140 Redirected: www.nic.funet.fi
2025-12-13 15:57:20,332 - aqt.helper - DEBUG - helper 2788 Asked to redirect(302) to: https://www.nic.funet.fi/pub/mirrors/download.qt-project.org/online/qtsdkrepository/windows_x86/desktop/qt6_6100/qt6_6100/qt.qt6.6100.win64_msvc2022_64/6.10.0-0-202510021201qtsvg-Windows-Windows_11_24H2-MSVC2022-Windows-Windows_11_24H2-X86_64.7z
2025-12-13 15:57:20,332 - aqt.helper - INFO - helper 2788 Redirected: www.nic.funet.fi
2025-12-13 15:57:26,756 - aqt.installer - INFO - installer 7788 Finished installation of qtshadertools-Windows-Windows_11_24H2-MSVC2022-Windows-Windows_11_24H2-X86_64.7z in 9.04231880
2025-12-13 15:57:26,778 - aqt.helper - DEBUG - helper 7788 Attempt to download checksum at https://download.qt.io/online/qtsdkrepository/windows_x86/desktop/qt6_6100/qt6_6100/qt.qt6.6100.win64_msvc2022_64/6.10.0-0-202510021201qtdeclarative-Windows-Windows_11_24H2-MSVC2022-Windows-Windows_11_24H2-X86_64.7z.sha256
2025-12-13 15:57:27,725 - aqt.installer - INFO - installer 9140 Finished installation of qt5compat-Windows-Windows_11_24H2-MSVC2022-Windows-Windows_11_24H2-X86_64.7z in 10.08258060
2025-12-13 15:57:27,746 - aqt.helper - DEBUG - helper 9140 Attempt to download checksum at https://download.qt.io/online/qtsdkrepository/windows_x86/desktop/qt6_6100/qt6_6100/qt.qt6.6100.win64_msvc2022_64/6.10.0-0-202510021201qttools-Windows-Windows_11_24H2-MSVC2022-Windows-Windows_11_24H2-X86_64.7z.sha256
2025-12-13 15:57:28,230 - aqt.installer - INFO - installer 2788 Finished installation of qtsvg-Windows-Windows_11_24H2-MSVC2022-Windows-Windows_11_24H2-X86_64.7z in 10.35490340
2025-12-13 15:57:28,253 - aqt.helper - DEBUG - helper 2788 Attempt to download checksum at https://download.qt.io/online/qtsdkrepository/windows_x86/desktop/qt6_6100/qt6_6100/qt.qt6.6100.win64_msvc2022_64/6.10.0-0-202510021201qttranslations-Windows-Windows_11_24H2-MSVC2022-Windows-Windows_11_24H2-X86_64.7z.sha256
2025-12-13 15:57:29,028 - aqt.helper - INFO - helper 9140 Downloading qttools...
2025-12-13 15:57:29,028 - aqt.installer - DEBUG - installer 9140 Download URL: https://download.qt.io/online/qtsdkrepository/windows_x86/desktop/qt6_6100/qt6_6100/qt.qt6.6100.win64_msvc2022_64/6.10.0-0-202510021201qttools-Windows-Windows_11_24H2-MSVC2022-Windows-Windows_11_24H2-X86_64.7z
2025-12-13 15:57:29,501 - aqt.helper - INFO - helper 2788 Downloading qttranslations...
2025-12-13 15:57:29,501 - aqt.installer - DEBUG - installer 2788 Download URL: https://download.qt.io/online/qtsdkrepository/windows_x86/desktop/qt6_6100/qt6_6100/qt.qt6.6100.win64_msvc2022_64/6.10.0-0-202510021201qttranslations-Windows-Windows_11_24H2-MSVC2022-Windows-Windows_11_24H2-X86_64.7z
2025-12-13 15:57:30,131 - aqt.helper - DEBUG - helper 9140 Asked to redirect(302) to: https://www.nic.funet.fi/pub/mirrors/download.qt-project.org/online/qtsdkrepository/windows_x86/desktop/qt6_6100/qt6_6100/qt.qt6.6100.win64_msvc2022_64/6.10.0-0-202510021201qttools-Windows-Windows_11_24H2-MSVC2022-Windows-Windows_11_24H2-X86_64.7z
2025-12-13 15:57:30,131 - aqt.helper - INFO - helper 9140 Redirected: www.nic.funet.fi
2025-12-13 15:57:30,642 - aqt.helper - DEBUG - helper 2788 Asked to redirect(302) to: https://www.nic.funet.fi/pub/mirrors/download.qt-project.org/online/qtsdkrepository/windows_x86/desktop/qt6_6100/qt6_6100/qt.qt6.6100.win64_msvc2022_64/6.10.0-0-202510021201qttranslations-Windows-Windows_11_24H2-MSVC2022-Windows-Windows_11_24H2-X86_64.7z
2025-12-13 15:57:30,642 - aqt.helper - INFO - helper 2788 Redirected: www.nic.funet.fi
2025-12-13 15:57:33,541 - aqt.installer - INFO - installer 2788 Finished installation of qttranslations-Windows-Windows_11_24H2-MSVC2022-Windows-Windows_11_24H2-X86_64.7z in 5.29315670
2025-12-13 15:57:33,564 - aqt.helper - DEBUG - helper 2788 Attempt to download checksum at https://download.qt.io/online/qtsdkrepository/windows_x86/desktop/qt6_6100/qt6_6100/qt.qt6.6100.win64_msvc2022_64/6.10.0-0-202510021201d3dcompiler_47-x64.7z.sha256
2025-12-13 15:57:34,761 - aqt.helper - INFO - helper 2788 Downloading d3dcompiler_47...
2025-12-13 15:57:34,761 - aqt.installer - DEBUG - installer 2788 Download URL: https://download.qt.io/online/qtsdkrepository/windows_x86/desktop/qt6_6100/qt6_6100/qt.qt6.6100.win64_msvc2022_64/6.10.0-0-202510021201d3dcompiler_47-x64.7z
2025-12-13 15:57:35,891 - aqt.helper - DEBUG - helper 2788 Asked to redirect(302) to: https://www.nic.funet.fi/pub/mirrors/download.qt-project.org/online/qtsdkrepository/windows_x86/desktop/qt6_6100/qt6_6100/qt.qt6.6100.win64_msvc2022_64/6.10.0-0-202510021201d3dcompiler_47-x64.7z
2025-12-13 15:57:35,891 - aqt.helper - INFO - helper 2788 Redirected: www.nic.funet.fi
2025-12-13 15:57:39,651 - aqt.installer - INFO - installer 2788 Finished installation of d3dcompiler_47-x64.7z in 6.09173120
2025-12-13 15:57:39,671 - aqt.helper - DEBUG - helper 2788 Attempt to download checksum at https://download.qt.io/online/qtsdkrepository/windows_x86/desktop/qt6_6100/qt6_6100/qt.qt6.6100.win64_msvc2022_64/6.10.0-0-202510021201opengl32sw-64-mesa_11_2_2-signed_sha256.7z.sha256
2025-12-13 15:57:40,861 - aqt.helper - INFO - helper 2788 Downloading opengl32sw...
2025-12-13 15:57:40,861 - aqt.installer - DEBUG - installer 2788 Download URL: https://download.qt.io/online/qtsdkrepository/windows_x86/desktop/qt6_6100/qt6_6100/qt.qt6.6100.win64_msvc2022_64/6.10.0-0-202510021201opengl32sw-64-mesa_11_2_2-signed_sha256.7z
2025-12-13 15:57:57,773 - aqt.installer - INFO - installer 9140 Finished installation of qttools-Windows-Windows_11_24H2-MSVC2022-Windows-Windows_11_24H2-X86_64.7z in 30.03220780
2025-12-13 15:57:58,859 - aqt.helper - INFO - helper 7788 Downloading qtdeclarative...
2025-12-13 15:57:58,859 - aqt.installer - DEBUG - installer 7788 Download URL: https://download.qt.io/online/qtsdkrepository/windows_x86/desktop/qt6_6100/qt6_6100/qt.qt6.6100.win64_msvc2022_64/6.10.0-0-202510021201qtdeclarative-Windows-Windows_11_24H2-MSVC2022-Windows-Windows_11_24H2-X86_64.7z
2025-12-13 15:57:59,988 - aqt.helper - DEBUG - helper 7788 Asked to redirect(302) to: https://www.nic.funet.fi/pub/mirrors/download.qt-project.org/online/qtsdkrepository/windows_x86/desktop/qt6_6100/qt6_6100/qt.qt6.6100.win64_msvc2022_64/6.10.0-0-202510021201qtdeclarative-Windows-Windows_11_24H2-MSVC2022-Windows-Windows_11_24H2-X86_64.7z
2025-12-13 15:57:59,989 - aqt.helper - INFO - helper 7788 Redirected: www.nic.funet.fi
2025-12-13 15:58:10,041 - aqt.installer - INFO - installer 3116 Finished installation of qtbase-Windows-Windows_11_24H2-MSVC2022-Windows-Windows_11_24H2-X86_64.7z in 52.26283650
2025-12-13 15:58:12,981 - aqt.helper - DEBUG - helper 2788 Asked to redirect(302) to: https://www.nic.funet.fi/pub/mirrors/download.qt-project.org/online/qtsdkrepository/windows_x86/desktop/qt6_6100/qt6_6100/qt.qt6.6100.win64_msvc2022_64/6.10.0-0-202510021201opengl32sw-64-mesa_11_2_2-signed_sha256.7z
2025-12-13 15:58:12,981 - aqt.helper - INFO - helper 2788 Redirected: www.nic.funet.fi
2025-12-13 15:58:17,963 - aqt.installer - INFO - installer 2788 Finished installation of opengl32sw-64-mesa_11_2_2-signed_sha256.7z in 38.29739800
2025-12-13 15:59:19,227 - aqt.installer - INFO - installer 7788 Finished installation of qtdeclarative-Windows-Windows_11_24H2-MSVC2022-Windows-Windows_11_24H2-X86_64.7z in 112.45340220
2025-12-13 15:59:19,770 - aqt.updater - INFO - updater 18084 Patching qt6\6.10.0\msvc2022_64\bin\qmake.exe
2025-12-13 15:59:19,776 - aqt.updater - INFO - updater 18084 Patching qt6\6.10.0\msvc2022_64\lib\Qt6Concurrent.prl
2025-12-13 15:59:19,778 - aqt.updater - INFO - updater 18084 Patching qt6\6.10.0\msvc2022_64\lib\Qt6Concurrentd.prl
2025-12-13 15:59:19,780 - aqt.updater - INFO - updater 18084 Patching qt6\6.10.0\msvc2022_64\lib\Qt6Core.prl
2025-12-13 15:59:19,782 - aqt.updater - INFO - updater 18084 Patching qt6\6.10.0\msvc2022_64\lib\Qt6Core5Compat.prl
2025-12-13 15:59:19,784 - aqt.updater - INFO - updater 18084 Patching qt6\6.10.0\msvc2022_64\lib\Qt6Core5Compatd.prl
2025-12-13 15:59:19,786 - aqt.updater - INFO - updater 18084 Patching qt6\6.10.0\msvc2022_64\lib\Qt6Cored.prl
2025-12-13 15:59:19,787 - aqt.updater - INFO - updater 18084 Patching qt6\6.10.0\msvc2022_64\lib\Qt6DBus.prl
2025-12-13 15:59:19,788 - aqt.updater - INFO - updater 18084 Patching qt6\6.10.0\msvc2022_64\lib\Qt6DBusd.prl
2025-12-13 15:59:19,790 - aqt.updater - INFO - updater 18084 Patching qt6\6.10.0\msvc2022_64\lib\Qt6Designer.prl
2025-12-13 15:59:19,793 - aqt.updater - INFO - updater 18084 Patching qt6\6.10.0\msvc2022_64\lib\Qt6DesignerComponents.prl
2025-12-13 15:59:19,796 - aqt.updater - INFO - updater 18084 Patching qt6\6.10.0\msvc2022_64\lib\Qt6DesignerComponentsd.prl
2025-12-13 15:59:19,798 - aqt.updater - INFO - updater 18084 Patching qt6\6.10.0\msvc2022_64\lib\Qt6Designerd.prl
2025-12-13 15:59:19,800 - aqt.updater - INFO - updater 18084 Patching qt6\6.10.0\msvc2022_64\lib\Qt6DeviceDiscoverySupport.prl
2025-12-13 15:59:19,802 - aqt.updater - INFO - updater 18084 Patching qt6\6.10.0\msvc2022_64\lib\Qt6DeviceDiscoverySupportd.prl
2025-12-13 15:59:19,805 - aqt.updater - INFO - updater 18084 Patching qt6\6.10.0\msvc2022_64\lib\Qt6EntryPoint.prl
2025-12-13 15:59:19,806 - aqt.updater - INFO - updater 18084 Patching qt6\6.10.0\msvc2022_64\lib\Qt6EntryPointd.prl
2025-12-13 15:59:19,808 - aqt.updater - INFO - updater 18084 Patching qt6\6.10.0\msvc2022_64\lib\Qt6ExampleIcons.prl
2025-12-13 15:59:19,811 - aqt.updater - INFO - updater 18084 Patching qt6\6.10.0\msvc2022_64\lib\Qt6ExampleIconsd.prl
2025-12-13 15:59:19,812 - aqt.updater - INFO - updater 18084 Patching qt6\6.10.0\msvc2022_64\lib\Qt6ExamplesAssetDownloader.prl
2025-12-13 15:59:19,814 - aqt.updater - INFO - updater 18084 Patching qt6\6.10.0\msvc2022_64\lib\Qt6ExamplesAssetDownloaderd.prl
2025-12-13 15:59:19,815 - aqt.updater - INFO - updater 18084 Patching qt6\6.10.0\msvc2022_64\lib\Qt6FbSupport.prl
2025-12-13 15:59:19,817 - aqt.updater - INFO - updater 18084 Patching qt6\6.10.0\msvc2022_64\lib\Qt6FbSupportd.prl
2025-12-13 15:59:19,819 - aqt.updater - INFO - updater 18084 Patching qt6\6.10.0\msvc2022_64\lib\Qt6Gui.prl
2025-12-13 15:59:19,824 - aqt.updater - INFO - updater 18084 Patching qt6\6.10.0\msvc2022_64\lib\Qt6Guid.prl
2025-12-13 15:59:19,826 - aqt.updater - INFO - updater 18084 Patching qt6\6.10.0\msvc2022_64\lib\Qt6Help.prl
2025-12-13 15:59:19,829 - aqt.updater - INFO - updater 18084 Patching qt6\6.10.0\msvc2022_64\lib\Qt6Helpd.prl
2025-12-13 15:59:19,831 - aqt.updater - INFO - updater 18084 Patching qt6\6.10.0\msvc2022_64\lib\Qt6LabsAnimation.prl
2025-12-13 15:59:19,832 - aqt.updater - INFO - updater 18084 Patching qt6\6.10.0\msvc2022_64\lib\Qt6LabsAnimationd.prl
2025-12-13 15:59:19,834 - aqt.updater - INFO - updater 18084 Patching qt6\6.10.0\msvc2022_64\lib\Qt6LabsFolderListModel.prl
2025-12-13 15:59:19,836 - aqt.updater - INFO - updater 18084 Patching qt6\6.10.0\msvc2022_64\lib\Qt6LabsFolderListModeld.prl
2025-12-13 15:59:19,838 - aqt.updater - INFO - updater 18084 Patching qt6\6.10.0\msvc2022_64\lib\Qt6LabsPlatform.prl
2025-12-13 15:59:19,839 - aqt.updater - INFO - updater 18084 Patching qt6\6.10.0\msvc2022_64\lib\Qt6LabsPlatformd.prl
2025-12-13 15:59:19,841 - aqt.updater - INFO - updater 18084 Patching qt6\6.10.0\msvc2022_64\lib\Qt6LabsQmlModels.prl
2025-12-13 15:59:19,842 - aqt.updater - INFO - updater 18084 Patching qt6\6.10.0\msvc2022_64\lib\Qt6LabsQmlModelsd.prl
2025-12-13 15:59:19,843 - aqt.updater - INFO - updater 18084 Patching qt6\6.10.0\msvc2022_64\lib\Qt6LabsSettings.prl
2025-12-13 15:59:19,845 - aqt.updater - INFO - updater 18084 Patching qt6\6.10.0\msvc2022_64\lib\Qt6LabsSettingsd.prl
2025-12-13 15:59:19,847 - aqt.updater - INFO - updater 18084 Patching qt6\6.10.0\msvc2022_64\lib\Qt6LabsSharedImage.prl
2025-12-13 15:59:19,849 - aqt.updater - INFO - updater 18084 Patching qt6\6.10.0\msvc2022_64\lib\Qt6LabsSharedImaged.prl
2025-12-13 15:59:19,850 - aqt.updater - INFO - updater 18084 Patching qt6\6.10.0\msvc2022_64\lib\Qt6LabsSynchronizer.prl
2025-12-13 15:59:19,851 - aqt.updater - INFO - updater 18084 Patching qt6\6.10.0\msvc2022_64\lib\Qt6LabsSynchronizerd.prl
2025-12-13 15:59:19,853 - aqt.updater - INFO - updater 18084 Patching qt6\6.10.0\msvc2022_64\lib\Qt6LabsWavefrontMesh.prl
2025-12-13 15:59:19,854 - aqt.updater - INFO - updater 18084 Patching qt6\6.10.0\msvc2022_64\lib\Qt6LabsWavefrontMeshd.prl
2025-12-13 15:59:19,856 - aqt.updater - INFO - updater 18084 Patching qt6\6.10.0\msvc2022_64\lib\Qt6Network.prl
2025-12-13 15:59:19,858 - aqt.updater - INFO - updater 18084 Patching qt6\6.10.0\msvc2022_64\lib\Qt6Networkd.prl
2025-12-13 15:59:19,859 - aqt.updater - INFO - updater 18084 Patching qt6\6.10.0\msvc2022_64\lib\Qt6OpenGL.prl
2025-12-13 15:59:19,860 - aqt.updater - INFO - updater 18084 Patching qt6\6.10.0\msvc2022_64\lib\Qt6OpenGLd.prl
2025-12-13 15:59:19,861 - aqt.updater - INFO - updater 18084 Patching qt6\6.10.0\msvc2022_64\lib\Qt6OpenGLWidgets.prl
2025-12-13 15:59:19,863 - aqt.updater - INFO - updater 18084 Patching qt6\6.10.0\msvc2022_64\lib\Qt6OpenGLWidgetsd.prl
2025-12-13 15:59:19,864 - aqt.updater - INFO - updater 18084 Patching qt6\6.10.0\msvc2022_64\lib\Qt6PacketProtocol.prl
2025-12-13 15:59:19,866 - aqt.updater - INFO - updater 18084 Patching qt6\6.10.0\msvc2022_64\lib\Qt6PacketProtocold.prl
2025-12-13 15:59:19,868 - aqt.updater - INFO - updater 18084 Patching qt6\6.10.0\msvc2022_64\lib\Qt6PrintSupport.prl
2025-12-13 15:59:19,870 - aqt.updater - INFO - updater 18084 Patching qt6\6.10.0\msvc2022_64\lib\Qt6PrintSupportd.prl
2025-12-13 15:59:19,871 - aqt.updater - INFO - updater 18084 Patching qt6\6.10.0\msvc2022_64\lib\Qt6Qml.prl
2025-12-13 15:59:19,872 - aqt.updater - INFO - updater 18084 Patching qt6\6.10.0\msvc2022_64\lib\Qt6QmlAssetDownloader.prl
2025-12-13 15:59:19,874 - aqt.updater - INFO - updater 18084 Patching qt6\6.10.0\msvc2022_64\lib\Qt6QmlAssetDownloaderd.prl
2025-12-13 15:59:19,875 - aqt.updater - INFO - updater 18084 Patching qt6\6.10.0\msvc2022_64\lib\Qt6QmlCompiler.prl
2025-12-13 15:59:19,877 - aqt.updater - INFO - updater 18084 Patching qt6\6.10.0\msvc2022_64\lib\Qt6QmlCompilerd.prl
2025-12-13 15:59:19,878 - aqt.updater - INFO - updater 18084 Patching qt6\6.10.0\msvc2022_64\lib\Qt6QmlCore.prl
2025-12-13 15:59:19,880 - aqt.updater - INFO - updater 18084 Patching qt6\6.10.0\msvc2022_64\lib\Qt6QmlCored.prl
2025-12-13 15:59:19,881 - aqt.updater - INFO - updater 18084 Patching qt6\6.10.0\msvc2022_64\lib\Qt6Qmld.prl
2025-12-13 15:59:19,883 - aqt.updater - INFO - updater 18084 Patching qt6\6.10.0\msvc2022_64\lib\Qt6QmlDebug.prl
2025-12-13 15:59:19,885 - aqt.updater - INFO - updater 18084 Patching qt6\6.10.0\msvc2022_64\lib\Qt6QmlDebugd.prl
2025-12-13 15:59:19,887 - aqt.updater - INFO - updater 18084 Patching qt6\6.10.0\msvc2022_64\lib\Qt6QmlDom.prl
2025-12-13 15:59:19,888 - aqt.updater - INFO - updater 18084 Patching qt6\6.10.0\msvc2022_64\lib\Qt6QmlDomd.prl
2025-12-13 15:59:19,890 - aqt.updater - INFO - updater 18084 Patching qt6\6.10.0\msvc2022_64\lib\Qt6QmlFormat.prl
2025-12-13 15:59:19,891 - aqt.updater - INFO - updater 18084 Patching qt6\6.10.0\msvc2022_64\lib\Qt6QmlFormatd.prl
2025-12-13 15:59:19,893 - aqt.updater - INFO - updater 18084 Patching qt6\6.10.0\msvc2022_64\lib\Qt6QmlLocalStorage.prl
2025-12-13 15:59:19,895 - aqt.updater - INFO - updater 18084 Patching qt6\6.10.0\msvc2022_64\lib\Qt6QmlLocalStoraged.prl
2025-12-13 15:59:19,897 - aqt.updater - INFO - updater 18084 Patching qt6\6.10.0\msvc2022_64\lib\Qt6QmlLS.prl
2025-12-13 15:59:19,899 - aqt.updater - INFO - updater 18084 Patching qt6\6.10.0\msvc2022_64\lib\Qt6QmlLSd.prl
2025-12-13 15:59:19,901 - aqt.updater - INFO - updater 18084 Patching qt6\6.10.0\msvc2022_64\lib\Qt6QmlMeta.prl
2025-12-13 15:59:19,903 - aqt.updater - INFO - updater 18084 Patching qt6\6.10.0\msvc2022_64\lib\Qt6QmlMetad.prl
2025-12-13 15:59:19,904 - aqt.updater - INFO - updater 18084 Patching qt6\6.10.0\msvc2022_64\lib\Qt6QmlModels.prl
2025-12-13 15:59:19,906 - aqt.updater - INFO - updater 18084 Patching qt6\6.10.0\msvc2022_64\lib\Qt6QmlModelsd.prl
2025-12-13 15:59:19,909 - aqt.updater - INFO - updater 18084 Patching qt6\6.10.0\msvc2022_64\lib\Qt6QmlNetwork.prl
2025-12-13 15:59:19,910 - aqt.updater - INFO - updater 18084 Patching qt6\6.10.0\msvc2022_64\lib\Qt6QmlNetworkd.prl
2025-12-13 15:59:19,913 - aqt.updater - INFO - updater 18084 Patching qt6\6.10.0\msvc2022_64\lib\Qt6QmlToolingSettings.prl
2025-12-13 15:59:19,915 - aqt.updater - INFO - updater 18084 Patching qt6\6.10.0\msvc2022_64\lib\Qt6QmlToolingSettingsd.prl
2025-12-13 15:59:19,916 - aqt.updater - INFO - updater 18084 Patching qt6\6.10.0\msvc2022_64\lib\Qt6QmlTypeRegistrar.prl
2025-12-13 15:59:19,919 - aqt.updater - INFO - updater 18084 Patching qt6\6.10.0\msvc2022_64\lib\Qt6QmlTypeRegistrard.prl
2025-12-13 15:59:19,921 - aqt.updater - INFO - updater 18084 Patching qt6\6.10.0\msvc2022_64\lib\Qt6QmlWorkerScript.prl
2025-12-13 15:59:19,925 - aqt.updater - INFO - updater 18084 Patching qt6\6.10.0\msvc2022_64\lib\Qt6QmlWorkerScriptd.prl
2025-12-13 15:59:19,927 - aqt.updater - INFO - updater 18084 Patching qt6\6.10.0\msvc2022_64\lib\Qt6QmlXmlListModel.prl
2025-12-13 15:59:19,930 - aqt.updater - INFO - updater 18084 Patching qt6\6.10.0\msvc2022_64\lib\Qt6QmlXmlListModeld.prl
2025-12-13 15:59:19,933 - aqt.updater - INFO - updater 18084 Patching qt6\6.10.0\msvc2022_64\lib\Qt6Quick.prl
2025-12-13 15:59:19,935 - aqt.updater - INFO - updater 18084 Patching qt6\6.10.0\msvc2022_64\lib\Qt6QuickControls2.prl
2025-12-13 15:59:19,937 - aqt.updater - INFO - updater 18084 Patching qt6\6.10.0\msvc2022_64\lib\Qt6QuickControls2Basic.prl
2025-12-13 15:59:19,939 - aqt.updater - INFO - updater 18084 Patching qt6\6.10.0\msvc2022_64\lib\Qt6QuickControls2Basicd.prl
2025-12-13 15:59:19,941 - aqt.updater - INFO - updater 18084 Patching qt6\6.10.0\msvc2022_64\lib\Qt6QuickControls2BasicStyleImpl.prl
2025-12-13 15:59:19,943 - aqt.updater - INFO - updater 18084 Patching qt6\6.10.0\msvc2022_64\lib\Qt6QuickControls2BasicStyleImpld.prl
2025-12-13 15:59:19,947 - aqt.updater - INFO - updater 18084 Patching qt6\6.10.0\msvc2022_64\lib\Qt6QuickControls2d.prl
2025-12-13 15:59:19,949 - aqt.updater - INFO - updater 18084 Patching qt6\6.10.0\msvc2022_64\lib\Qt6QuickControls2FluentWinUI3StyleImpl.prl
2025-12-13 15:59:19,951 - aqt.updater - INFO - updater 18084 Patching qt6\6.10.0\msvc2022_64\lib\Qt6QuickControls2FluentWinUI3StyleImpld.prl
2025-12-13 15:59:19,953 - aqt.updater - INFO - updater 18084 Patching qt6\6.10.0\msvc2022_64\lib\Qt6QuickControls2Fusion.prl
2025-12-13 15:59:19,955 - aqt.updater - INFO - updater 18084 Patching qt6\6.10.0\msvc2022_64\lib\Qt6QuickControls2Fusiond.prl
2025-12-13 15:59:19,957 - aqt.updater - INFO - updater 18084 Patching qt6\6.10.0\msvc2022_64\lib\Qt6QuickControls2FusionStyleImpl.prl
2025-12-13 15:59:19,959 - aqt.updater - INFO - updater 18084 Patching qt6\6.10.0\msvc2022_64\lib\Qt6QuickControls2FusionStyleImpld.prl
2025-12-13 15:59:19,963 - aqt.updater - INFO - updater 18084 Patching qt6\6.10.0\msvc2022_64\lib\Qt6QuickControls2Imagine.prl
2025-12-13 15:59:19,965 - aqt.updater - INFO - updater 18084 Patching qt6\6.10.0\msvc2022_64\lib\Qt6QuickControls2Imagined.prl
2025-12-13 15:59:19,968 - aqt.updater - INFO - updater 18084 Patching qt6\6.10.0\msvc2022_64\lib\Qt6QuickControls2ImagineStyleImpl.prl
2025-12-13 15:59:19,970 - aqt.updater - INFO - updater 18084 Patching qt6\6.10.0\msvc2022_64\lib\Qt6QuickControls2ImagineStyleImpld.prl
2025-12-13 15:59:19,973 - aqt.updater - INFO - updater 18084 Patching qt6\6.10.0\msvc2022_64\lib\Qt6QuickControls2Impl.prl
2025-12-13 15:59:19,975 - aqt.updater - INFO - updater 18084 Patching qt6\6.10.0\msvc2022_64\lib\Qt6QuickControls2Impld.prl
2025-12-13 15:59:19,978 - aqt.updater - INFO - updater 18084 Patching qt6\6.10.0\msvc2022_64\lib\Qt6QuickControls2Material.prl
2025-12-13 15:59:19,981 - aqt.updater - INFO - updater 18084 Patching qt6\6.10.0\msvc2022_64\lib\Qt6QuickControls2Materiald.prl
2025-12-13 15:59:19,983 - aqt.updater - INFO - updater 18084 Patching qt6\6.10.0\msvc2022_64\lib\Qt6QuickControls2MaterialStyleImpl.prl
2025-12-13 15:59:19,987 - aqt.updater - INFO - updater 18084 Patching qt6\6.10.0\msvc2022_64\lib\Qt6QuickControls2MaterialStyleImpld.prl
2025-12-13 15:59:19,989 - aqt.updater - INFO - updater 18084 Patching qt6\6.10.0\msvc2022_64\lib\Qt6QuickControls2Universal.prl
2025-12-13 15:59:19,992 - aqt.updater - INFO - updater 18084 Patching qt6\6.10.0\msvc2022_64\lib\Qt6QuickControls2Universald.prl
2025-12-13 15:59:19,994 - aqt.updater - INFO - updater 18084 Patching qt6\6.10.0\msvc2022_64\lib\Qt6QuickControls2UniversalStyleImpl.prl
2025-12-13 15:59:19,996 - aqt.updater - INFO - updater 18084 Patching qt6\6.10.0\msvc2022_64\lib\Qt6QuickControls2UniversalStyleImpld.prl
2025-12-13 15:59:19,998 - aqt.updater - INFO - updater 18084 Patching qt6\6.10.0\msvc2022_64\lib\Qt6QuickControls2WindowsStyleImpl.prl
2025-12-13 15:59:20,000 - aqt.updater - INFO - updater 18084 Patching qt6\6.10.0\msvc2022_64\lib\Qt6QuickControls2WindowsStyleImpld.prl
2025-12-13 15:59:20,002 - aqt.updater - INFO - updater 18084 Patching qt6\6.10.0\msvc2022_64\lib\Qt6QuickControlsTestUtils.prl
2025-12-13 15:59:20,004 - aqt.updater - INFO - updater 18084 Patching qt6\6.10.0\msvc2022_64\lib\Qt6QuickControlsTestUtilsd.prl
2025-12-13 15:59:20,007 - aqt.updater - INFO - updater 18084 Patching qt6\6.10.0\msvc2022_64\lib\Qt6Quickd.prl
2025-12-13 15:59:20,011 - aqt.updater - INFO - updater 18084 Patching qt6\6.10.0\msvc2022_64\lib\Qt6QuickDialogs2.prl
2025-12-13 15:59:20,014 - aqt.updater - INFO - updater 18084 Patching qt6\6.10.0\msvc2022_64\lib\Qt6QuickDialogs2d.prl
2025-12-13 15:59:20,016 - aqt.updater - INFO - updater 18084 Patching qt6\6.10.0\msvc2022_64\lib\Qt6QuickDialogs2QuickImpl.prl
2025-12-13 15:59:20,019 - aqt.updater - INFO - updater 18084 Patching qt6\6.10.0\msvc2022_64\lib\Qt6QuickDialogs2QuickImpld.prl
2025-12-13 15:59:20,021 - aqt.updater - INFO - updater 18084 Patching qt6\6.10.0\msvc2022_64\lib\Qt6QuickDialogs2Utils.prl
2025-12-13 15:59:20,023 - aqt.updater - INFO - updater 18084 Patching qt6\6.10.0\msvc2022_64\lib\Qt6QuickDialogs2Utilsd.prl
2025-12-13 15:59:20,025 - aqt.updater - INFO - updater 18084 Patching qt6\6.10.0\msvc2022_64\lib\Qt6QuickEffects.prl
2025-12-13 15:59:20,026 - aqt.updater - INFO - updater 18084 Patching qt6\6.10.0\msvc2022_64\lib\Qt6QuickEffectsd.prl
2025-12-13 15:59:20,028 - aqt.updater - INFO - updater 18084 Patching qt6\6.10.0\msvc2022_64\lib\Qt6QuickLayouts.prl
2025-12-13 15:59:20,030 - aqt.updater - INFO - updater 18084 Patching qt6\6.10.0\msvc2022_64\lib\Qt6QuickLayoutsd.prl
2025-12-13 15:59:20,031 - aqt.updater - INFO - updater 18084 Patching qt6\6.10.0\msvc2022_64\lib\Qt6QuickParticles.prl
2025-12-13 15:59:20,032 - aqt.updater - INFO - updater 18084 Patching qt6\6.10.0\msvc2022_64\lib\Qt6QuickParticlesd.prl
2025-12-13 15:59:20,034 - aqt.updater - INFO - updater 18084 Patching qt6\6.10.0\msvc2022_64\lib\Qt6QuickShapes.prl
2025-12-13 15:59:20,036 - aqt.updater - INFO - updater 18084 Patching qt6\6.10.0\msvc2022_64\lib\Qt6QuickShapesd.prl
2025-12-13 15:59:20,038 - aqt.updater - INFO - updater 18084 Patching qt6\6.10.0\msvc2022_64\lib\Qt6QuickShapesDesignHelpers.prl
2025-12-13 15:59:20,040 - aqt.updater - INFO - updater 18084 Patching qt6\6.10.0\msvc2022_64\lib\Qt6QuickShapesDesignHelpersd.prl
2025-12-13 15:59:20,043 - aqt.updater - INFO - updater 18084 Patching qt6\6.10.0\msvc2022_64\lib\Qt6QuickTemplates2.prl
2025-12-13 15:59:20,045 - aqt.updater - INFO - updater 18084 Patching qt6\6.10.0\msvc2022_64\lib\Qt6QuickTemplates2d.prl
2025-12-13 15:59:20,048 - aqt.updater - INFO - updater 18084 Patching qt6\6.10.0\msvc2022_64\lib\Qt6QuickTest.prl
2025-12-13 15:59:20,049 - aqt.updater - INFO - updater 18084 Patching qt6\6.10.0\msvc2022_64\lib\Qt6QuickTestd.prl
2025-12-13 15:59:20,051 - aqt.updater - INFO - updater 18084 Patching qt6\6.10.0\msvc2022_64\lib\Qt6QuickTestUtils.prl
2025-12-13 15:59:20,053 - aqt.updater - INFO - updater 18084 Patching qt6\6.10.0\msvc2022_64\lib\Qt6QuickTestUtilsd.prl
2025-12-13 15:59:20,056 - aqt.updater - INFO - updater 18084 Patching qt6\6.10.0\msvc2022_64\lib\Qt6QuickVectorImage.prl
2025-12-13 15:59:20,059 - aqt.updater - INFO - updater 18084 Patching qt6\6.10.0\msvc2022_64\lib\Qt6QuickVectorImaged.prl
2025-12-13 15:59:20,062 - aqt.updater - INFO - updater 18084 Patching qt6\6.10.0\msvc2022_64\lib\Qt6QuickVectorImageGenerator.prl
2025-12-13 15:59:20,064 - aqt.updater - INFO - updater 18084 Patching qt6\6.10.0\msvc2022_64\lib\Qt6QuickVectorImageGeneratord.prl
2025-12-13 15:59:20,066 - aqt.updater - INFO - updater 18084 Patching qt6\6.10.0\msvc2022_64\lib\Qt6QuickVectorImageHelpers.prl
2025-12-13 15:59:20,068 - aqt.updater - INFO - updater 18084 Patching qt6\6.10.0\msvc2022_64\lib\Qt6QuickVectorImageHelpersd.prl
2025-12-13 15:59:20,069 - aqt.updater - INFO - updater 18084 Patching qt6\6.10.0\msvc2022_64\lib\Qt6QuickWidgets.prl
2025-12-13 15:59:20,071 - aqt.updater - INFO - updater 18084 Patching qt6\6.10.0\msvc2022_64\lib\Qt6QuickWidgetsd.prl
2025-12-13 15:59:20,073 - aqt.updater - INFO - updater 18084 Patching qt6\6.10.0\msvc2022_64\lib\Qt6ShaderTools.prl
2025-12-13 15:59:20,075 - aqt.updater - INFO - updater 18084 Patching qt6\6.10.0\msvc2022_64\lib\Qt6ShaderToolsd.prl
2025-12-13 15:59:20,076 - aqt.updater - INFO - updater 18084 Patching qt6\6.10.0\msvc2022_64\lib\Qt6Sql.prl
2025-12-13 15:59:20,077 - aqt.updater - INFO - updater 18084 Patching qt6\6.10.0\msvc2022_64\lib\Qt6Sqld.prl
2025-12-13 15:59:20,079 - aqt.updater - INFO - updater 18084 Patching qt6\6.10.0\msvc2022_64\lib\Qt6Svg.prl
2025-12-13 15:59:20,080 - aqt.updater - INFO - updater 18084 Patching qt6\6.10.0\msvc2022_64\lib\Qt6Svgd.prl
2025-12-13 15:59:20,081 - aqt.updater - INFO - updater 18084 Patching qt6\6.10.0\msvc2022_64\lib\Qt6SvgWidgets.prl
2025-12-13 15:59:20,083 - aqt.updater - INFO - updater 18084 Patching qt6\6.10.0\msvc2022_64\lib\Qt6SvgWidgetsd.prl
2025-12-13 15:59:20,086 - aqt.updater - INFO - updater 18084 Patching qt6\6.10.0\msvc2022_64\lib\Qt6Test.prl
2025-12-13 15:59:20,087 - aqt.updater - INFO - updater 18084 Patching qt6\6.10.0\msvc2022_64\lib\Qt6Testd.prl
2025-12-13 15:59:20,088 - aqt.updater - INFO - updater 18084 Patching qt6\6.10.0\msvc2022_64\lib\Qt6UiTools.prl
2025-12-13 15:59:20,090 - aqt.updater - INFO - updater 18084 Patching qt6\6.10.0\msvc2022_64\lib\Qt6UiToolsd.prl
2025-12-13 15:59:20,092 - aqt.updater - INFO - updater 18084 Patching qt6\6.10.0\msvc2022_64\lib\Qt6Widgets.prl
2025-12-13 15:59:20,093 - aqt.updater - INFO - updater 18084 Patching qt6\6.10.0\msvc2022_64\lib\Qt6Widgetsd.prl
2025-12-13 15:59:20,095 - aqt.updater - INFO - updater 18084 Patching qt6\6.10.0\msvc2022_64\lib\Qt6Xml.prl
2025-12-13 15:59:20,096 - aqt.updater - INFO - updater 18084 Patching qt6\6.10.0\msvc2022_64\lib\Qt6Xmld.prl
2025-12-13 15:59:20,098 - aqt.main - INFO - installer 18084 Finished installation
2025-12-13 15:59:20,099 - aqt.main - INFO - installer 18084 Time elapsed: 137.34480590 second
